[+] Containers:
 |- [+] Container: /Game/ThirdPerson/Maps/ThirdPersonMap
 |   |- [+] ActorDescs:
 |   |   |- Guid:08F9DC56444CFFF3F13B379E81EF05BC BaseClass: NativeClass:/Script/Engine.StaticMeshActor Name:StaticMeshActor_16 Label:SM_Cube11 SpatiallyLoaded:1 Bounds:IsValid=true, Min=(X=500.000 Y=8260.000 Z=590.000), Max=(X=800.000 Y=8560.000 Z=790.000) RuntimeGrid:None EditorOnly:0 RuntimeOnly:0 HLODRelevant:1 ListedInSceneOutliner:1 IsMainWorldOnly:0 FolderPath:Block03 FolderGuid:7B7009C345D3D6DD94D3429E1D79C034
 |   |   |- Guid:098C6AA8466C249C61C3D48EC6A5421D BaseClass: NativeClass:/Script/Engine.StaticMeshActor Name:StaticMeshActor_UAID_A036BC2D119B77E101_1940223712 Label:SM_Cube13 SpatiallyLoaded:1 Bounds:IsValid=true, Min=(X=2110.000 Y=8260.000 Z=0.000), Max=(X=2410.000 Y=8560.000 Z=200.000) RuntimeGrid:None EditorOnly:0 RuntimeOnly:0 HLODRelevant:1 ListedInSceneOutliner:1 IsMainWorldOnly:0 FolderPath:Block03 FolderGuid:7B7009C345D3D6DD94D3429E1D79C034
 |   |   |- Guid:23A4B2744A905AF42626F692C3D70EB6 BaseClass: NativeClass:/Script/Engine.StaticMeshActor Name:StaticMeshActor_UAID_A036BC2D119BCAE101_1505763313 Label:SM_SkySphere2 SpatiallyLoaded:0 Bounds:IsValid=true, Min=(X=-1638390.000 Y=-1638390.000 Z=-1638400.000), Max=(X=1638410.000 Y=1638410.000 Z=1638400.000) RuntimeGrid:None EditorOnly:0 RuntimeOnly:0 HLODRelevant:1 ListedInSceneOutliner:1 IsMainWorldOnly:0 FolderPath:Lighting FolderGuid:963EC3EB4002CCE9759E2EBA541A873A
 |   |   |- Guid:2FB58999456391D349DC0F86DAC136ED BaseClass: NativeClass:/Script/Engine.SkyLight Name:SkyLight_1 Label:SkyLight SpatiallyLoaded:0 Bounds:IsValid=true, Min=(X=0.000 Y=0.000 Z=690.000), Max=(X=0.000 Y=0.000 Z=690.000) RuntimeGrid:None EditorOnly:0 RuntimeOnly:0 HLODRelevant:0 ListedInSceneOutliner:1 IsMainWorldOnly:0 FolderPath:Lighting FolderGuid:963EC3EB4002CCE9759E2EBA541A873A
 |   |   |- Guid:316CF2A6494ACA4C0E4180A87D36AB8F BaseClass: NativeClass:/Script/Engine.ExponentialHeightFog Name:ExponentialHeightFog_0 Label:ExponentialHeightFog SpatiallyLoaded:0 Bounds:IsValid=true, Min=(X=-5600.000 Y=-50.000 Z=-6850.000), Max=(X=-5600.000 Y=-50.000 Z=-6850.000) RuntimeGrid:None EditorOnly:0 RuntimeOnly:0 HLODRelevant:0 ListedInSceneOutliner:1 IsMainWorldOnly:0 FolderPath:Lighting FolderGuid:963EC3EB4002CCE9759E2EBA541A873A
 |   |   |- Guid:39B022EF40827AE0F2B221AB5D241570 BaseClass: NativeClass:/Script/Engine.StaticMeshActor Name:StaticMeshActor_UAID_A036BC2D119B77E101_1940218706 Label:SM_QuarterCylinder19 SpatiallyLoaded:1 Bounds:IsValid=true, Min=(X=2290.000 Y=10550.000 Z=0.000), Max=(X=2490.000 Y=10750.000 Z=100.000) RuntimeGrid:None EditorOnly:0 RuntimeOnly:0 HLODRelevant:1 ListedInSceneOutliner:1 IsMainWorldOnly:0 FolderPath:Cylinder FolderGuid:D075E5BA49330D3EC2503D81A7CF88D1
 |   |   |- Guid:3A00AA1C422CE54C0BDB60BAF471BFBB BaseClass: NativeClass:/Script/Engine.PlayerStart Name:PlayerStart_0 Label:PlayerStart SpatiallyLoaded:0 Bounds:IsValid=true, Min=(X=610.000 Y=10910.000 Z=20.013), Max=(X=690.000 Y=10990.000 Z=204.013) RuntimeGrid:None EditorOnly:0 RuntimeOnly:0 HLODRelevant:0 ListedInSceneOutliner:1 IsMainWorldOnly:0
 |   |   |- Guid:40C6F88347A8A485658601A44FE8191A BaseClass: NativeClass:/Script/NavigationSystem.RecastNavMesh Name:RecastNavMesh_UAID_A036BC2D119B33E501-Default Label:RecastNavMesh-Default SpatiallyLoaded:0 Bounds:IsValid=true, Min=(X=0.000 Y=0.000 Z=0.000), Max=(X=0.000 Y=0.000 Z=0.000) RuntimeGrid:None EditorOnly:0 RuntimeOnly:0 HLODRelevant:0 ListedInSceneOutliner:1 IsMainWorldOnly:0
 |   |   |- Guid:427A69FA4167011BFC8D57AA8A218579 BaseClass:/Game/ThirdPerson/Blueprints/BP_CurveSpline.BP_CurveSpline_C NativeClass:/Script/Engine.Actor Name:BP_CurveSpline_C_UAID_A036BC2D119BF9E301_1706912696 Label:BP_CurveSpline SpatiallyLoaded:1 Bounds:IsValid=true, Min=(X=-116.017 Y=4555.400 Z=-0.560), Max=(X=902.569 Y=10870.000 Z=200.560) RuntimeGrid:None EditorOnly:0 RuntimeOnly:0 HLODRelevant:0 ListedInSceneOutliner:1 IsMainWorldOnly:0
 |   |   |- Guid:4674C11A467C2D761C09C79D8081705C BaseClass: NativeClass:/Script/Engine.StaticMeshActor Name:StaticMeshActor_UAID_A036BC2D119B77E101_1940214704 Label:SM_Cube18 SpatiallyLoaded:1 Bounds:IsValid=true, Min=(X=2110.000 Y=8580.000 Z=480.000), Max=(X=2410.000 Y=8880.000 Z=555.000) RuntimeGrid:None EditorOnly:0 RuntimeOnly:0 HLODRelevant:1 ListedInSceneOutliner:1 IsMainWorldOnly:0 FolderPath:Block03 FolderGuid:7B7009C345D3D6DD94D3429E1D79C034
 |   |   |- Guid:4D3BE93F4146AAAC8BBE79999D96D57F BaseClass: NativeClass:/Script/Engine.VolumetricCloud Name:VolumetricCloud_0 Label:VolumetricCloud SpatiallyLoaded:0 Bounds:IsValid=true, Min=(X=0.000 Y=0.000 Z=820.000), Max=(X=0.000 Y=0.000 Z=820.000) RuntimeGrid:None EditorOnly:0 RuntimeOnly:0 HLODRelevant:0 ListedInSceneOutliner:1 IsMainWorldOnly:0 FolderPath:Lighting FolderGuid:963EC3EB4002CCE9759E2EBA541A873A
 |   |   |- Guid:4DAF0E344013CC7A70A4DBAA1A9F1FEC BaseClass:/Game/ThirdPerson/Blueprints/EnemyCharacter.EnemyCharacter_C NativeClass:/Script/Engine.Character Name:EnemyCharacter_C_UAID_A036BC2D119B33E501_1177267959 Label:EnemyCharacter SpatiallyLoaded:1 Bounds:IsValid=true, Min=(X=-485.000 Y=8665.000 Z=-10.000), Max=(X=-412.409 Y=8735.000 Z=180.336) RuntimeGrid:None EditorOnly:0 RuntimeOnly:0 HLODRelevant:0 ListedInSceneOutliner:1 IsMainWorldOnly:0
 |   |   |- Guid:4E78909643F9CA2E9FC1939D0A492C80 BaseClass: NativeClass:/Script/Engine.StaticMeshActor Name:StaticMeshActor_UAID_A036BC2D119B77E101_1940222711 Label:SM_Cube21 SpatiallyLoaded:1 Bounds:IsValid=true, Min=(X=2110.000 Y=9470.000 Z=820.000), Max=(X=2410.000 Y=9770.000 Z=895.000) RuntimeGrid:None EditorOnly:0 RuntimeOnly:0 HLODRelevant:1 ListedInSceneOutliner:1 IsMainWorldOnly:0 FolderPath:Block03 FolderGuid:7B7009C345D3D6DD94D3429E1D79C034
 |   |   |- Guid:51E61161489D3A2FDF3A6A86A481A1D4 BaseClass: NativeClass:/Script/Engine.StaticMeshActor Name:StaticMeshActor_UAID_A036BC2D119B77E101_1940220708 Label:SM_Ramp3 SpatiallyLoaded:1 Bounds:IsValid=true, Min=(X=2170.000 Y=9610.000 Z=0.000), Max=(X=2370.000 Y=10010.000 Z=100.000) RuntimeGrid:None EditorOnly:0 RuntimeOnly:0 HLODRelevant:1 ListedInSceneOutliner:1 IsMainWorldOnly:0 FolderPath:Block01 FolderGuid:7D23E5AE4C2A421F86AF6986D87E6D05
 |   |   |- Guid:5A999E2A41C63BB85FA56FBC1BC57684 BaseClass: NativeClass:/Script/Engine.StaticMeshActor Name:StaticMeshActor_UAID_A036BC2D119B77E101_1940219707 Label:SM_QuarterCylinder20 SpatiallyLoaded:1 Bounds:IsValid=true, Min=(X=2090.000 Y=10000.000 Z=990.000), Max=(X=2290.000 Y=10200.000 Z=1090.000) RuntimeGrid:None EditorOnly:0 RuntimeOnly:0 HLODRelevant:1 ListedInSceneOutliner:1 IsMainWorldOnly:0 FolderPath:Cylinder FolderGuid:D075E5BA49330D3EC2503D81A7CF88D1
 |   |   |- Guid:5D08473042C9CB09B28A1E93285B8257 BaseClass:/Game/MyBlueprints/BP_Recuerdo4.BP_Recuerdo4_C NativeClass:/Script/Engine.Actor Name:BP_Recuerdo4_C_UAID_A036BC2D119B93E501_1716036857 Label:BP_Recuerdo4 SpatiallyLoaded:1 Bounds:IsValid=true, Min=(X=608.000 Y=9824.375 Z=0.038), Max=(X=730.000 Y=9970.000 Z=118.788) RuntimeGrid:None EditorOnly:0 RuntimeOnly:0 HLODRelevant:0 ListedInSceneOutliner:1 IsMainWorldOnly:0
 |   |   |- Guid:5E23977046559D70FCD984B2D04ABE99 BaseClass: NativeClass:/Script/Engine.StaticMeshActor Name:StaticMeshActor_UAID_A036BC2D119B46DF01_2030480975 Label:SM_QuarterCylinder18 SpatiallyLoaded:1 Bounds:IsValid=true, Min=(X=620.000 Y=5670.000 Z=990.000), Max=(X=820.000 Y=5870.000 Z=1090.000) RuntimeGrid:None EditorOnly:0 RuntimeOnly:0 HLODRelevant:1 ListedInSceneOutliner:1 IsMainWorldOnly:0 FolderPath:Cylinder FolderGuid:D075E5BA49330D3EC2503D81A7CF88D1
 |   |   |- Guid:6BAF4DDD444C60371492D3919DB42C97 BaseClass: NativeClass:/Script/Engine.WorldDataLayers Name:WorldDataLayers Label:WorldDataLayers SpatiallyLoaded:0 Bounds:IsValid=true, Min=(X=0.000 Y=0.000 Z=0.000), Max=(X=0.000 Y=0.000 Z=0.000) RuntimeGrid:None EditorOnly:0 RuntimeOnly:0 HLODRelevant:0 ListedInSceneOutliner:1 IsMainWorldOnly:1
 |   |   |- Guid:9270D70E4FD890B5B5C39CA56F42A5E2 BaseClass: NativeClass:/Script/Engine.StaticMeshActor Name:StaticMeshActor_UAID_A036BC2D119B46DF01_1908715967 Label:SM_Cube12 SpatiallyLoaded:1 Bounds:IsValid=true, Min=(X=-225.000 Y=8790.000 Z=-20.000), Max=(X=-150.000 Y=11090.000 Z=180.000) RuntimeGrid:None EditorOnly:0 RuntimeOnly:0 HLODRelevant:1 ListedInSceneOutliner:1 IsMainWorldOnly:0 FolderPath:Block03 FolderGuid:7B7009C345D3D6DD94D3429E1D79C034
 |   |   |- Guid:973FA4224E01868B456C7EA2C69C5116 BaseClass: NativeClass:/Script/Engine.StaticMeshActor Name:StaticMeshActor_UAID_A036BC2D119B46DF01_2030478974 Label:SM_QuarterCylinder17 SpatiallyLoaded:1 Bounds:IsValid=true, Min=(X=420.000 Y=5670.000 Z=990.000), Max=(X=620.000 Y=5870.000 Z=1090.000) RuntimeGrid:None EditorOnly:0 RuntimeOnly:0 HLODRelevant:1 ListedInSceneOutliner:1 IsMainWorldOnly:0 FolderPath:Cylinder FolderGuid:D075E5BA49330D3EC2503D81A7CF88D1
 |   |   |- Guid:9DC751344C644D780302FE978C7C6F41 BaseClass: NativeClass:/Script/Engine.StaticMeshActor Name:StaticMeshActor_UAID_A036BC2D119B46DF01_1919436968 Label:SM_Cube14 SpatiallyLoaded:1 Bounds:IsValid=true, Min=(X=500.000 Y=8060.000 Z=740.000), Max=(X=800.000 Y=8360.000 Z=940.000) RuntimeGrid:None EditorOnly:0 RuntimeOnly:0 HLODRelevant:1 ListedInSceneOutliner:1 IsMainWorldOnly:0 FolderPath:Block03 FolderGuid:7B7009C345D3D6DD94D3429E1D79C034
 |   |   |- Guid:A114646544805D4B6C830DB90A2A9790 BaseClass:/Game/MyBlueprints/BP_Recuerdo1.BP_Recuerdo1_C NativeClass:/Script/Engine.Actor Name:BP_Zapato_C_UAID_A036BC2D119B8DE501_1259043799 Label:BP_Recuerdo1 SpatiallyLoaded:1 Bounds:IsValid=true, Min=(X=608.000 Y=10094.000 Z=-5.776), Max=(X=730.000 Y=10766.000 Z=250.224) RuntimeGrid:None EditorOnly:0 RuntimeOnly:0 HLODRelevant:0 ListedInSceneOutliner:1 IsMainWorldOnly:0
 |   |   |- Guid:A1F69A974CFA2E63BED2EA81A0CE2F59 BaseClass:/Game/MyBlueprints/BP_Recuerdo2.BP_Recuerdo2_C NativeClass:/Script/Engine.Actor Name:BP_Recuerdo2_C_UAID_A036BC2D119B93E501_1711952855 Label:BP_Recuerdo2 SpatiallyLoaded:1 Bounds:IsValid=true, Min=(X=608.000 Y=10238.000 Z=0.038), Max=(X=730.000 Y=10302.000 Z=127.538) RuntimeGrid:None EditorOnly:0 RuntimeOnly:0 HLODRelevant:0 ListedInSceneOutliner:1 IsMainWorldOnly:0
 |   |   |- Guid:A213FCE54FD4F7FB9EE7D89B37BB32BD BaseClass:/Game/MyBlueprints/BP_Recuerdo5.BP_Recuerdo5_C NativeClass:/Script/Engine.Actor Name:BP_Recuerdo5_C_UAID_A036BC2D119B93E501_1717781858 Label:BP_Recuerdo5 SpatiallyLoaded:1 Bounds:IsValid=true, Min=(X=588.000 Y=9674.375 Z=0.038), Max=(X=710.000 Y=9820.000 Z=118.788) RuntimeGrid:None EditorOnly:0 RuntimeOnly:0 HLODRelevant:0 ListedInSceneOutliner:1 IsMainWorldOnly:0
 |   |   |- Guid:B785ED2844B84CFB91E7F39FE661CD99 BaseClass: NativeClass:/Script/Engine.DirectionalLight Name:DirectionalLight_0 Label:DirectionalLight SpatiallyLoaded:0 Bounds:IsValid=true, Min=(X=-1048576.000 Y=-1048576.000 Z=-1048576.000), Max=(X=1048576.000 Y=1048576.000 Z=1048576.000) RuntimeGrid:None EditorOnly:0 RuntimeOnly:0 HLODRelevant:0 ListedInSceneOutliner:1 IsMainWorldOnly:0 FolderPath:Lighting FolderGuid:963EC3EB4002CCE9759E2EBA541A873A
 |   |   |- Guid:B7D08C44411EEED9B81AF2A4C984A1E2 BaseClass: NativeClass:/Script/Engine.StaticMeshActor Name:StaticMeshActor_UAID_A036BC2D119B46DF01_2023968973 Label:SM_QuarterCylinder16 SpatiallyLoaded:1 Bounds:IsValid=true, Min=(X=620.000 Y=6240.000 Z=990.000), Max=(X=820.000 Y=6440.000 Z=1090.000) RuntimeGrid:None EditorOnly:0 RuntimeOnly:0 HLODRelevant:1 ListedInSceneOutliner:1 IsMainWorldOnly:0 FolderPath:Cylinder FolderGuid:D075E5BA49330D3EC2503D81A7CF88D1
 |   |   |- Guid:B9AF3D6E4A309519086B62B338DE9A09 BaseClass:/Game/MyBlueprints/BP_Recuerdo3.BP_Recuerdo3_C NativeClass:/Script/Engine.Actor Name:BP_Recuerdo3_C_UAID_A036BC2D119B93E501_1714185856 Label:BP_Recuerdo3 SpatiallyLoaded:1 Bounds:IsValid=true, Min=(X=608.000 Y=10058.000 Z=0.038), Max=(X=730.000 Y=10122.000 Z=127.538) RuntimeGrid:None EditorOnly:0 RuntimeOnly:0 HLODRelevant:0 ListedInSceneOutliner:1 IsMainWorldOnly:0
 |   |   |- Guid:BD6E46144FE3DBD7042931B60E3E8C26 BaseClass: NativeClass:/Script/Engine.StaticMeshActor Name:StaticMeshActor_UAID_A036BC2D119BCAE101_1598824316 Label:SM_Cube23 SpatiallyLoaded:1 Bounds:IsValid=true, Min=(X=500.000 Y=7500.000 Z=480.000), Max=(X=800.000 Y=7800.000 Z=555.000) RuntimeGrid:None EditorOnly:0 RuntimeOnly:0 HLODRelevant:1 ListedInSceneOutliner:1 IsMainWorldOnly:0 FolderPath:Block03 FolderGuid:7B7009C345D3D6DD94D3429E1D79C034
 |   |   |- Guid:C0559F4448916509BE3C159FDBDC9666 BaseClass: NativeClass:/Script/Engine.StaticMeshActor Name:StaticMeshActor_UAID_A036BC2D119B77E101_1940222710 Label:SM_QuarterCylinder21 SpatiallyLoaded:1 Bounds:IsValid=true, Min=(X=2290.000 Y=10510.000 Z=990.000), Max=(X=2490.000 Y=10710.000 Z=1090.000) RuntimeGrid:None EditorOnly:0 RuntimeOnly:0 HLODRelevant:1 ListedInSceneOutliner:1 IsMainWorldOnly:0 FolderPath:Cylinder FolderGuid:D075E5BA49330D3EC2503D81A7CF88D1
 |   |   |- Guid:C5E018084D5504B5D2E83CA400374DCF BaseClass: NativeClass:/Script/NavigationSystem.NavMeshBoundsVolume Name:NavMeshBoundsVolume_UAID_A036BC2D119BCBE601_1589088768 Label:NavMeshBoundsVolume2 SpatiallyLoaded:0 Bounds:IsValid=true, Min=(X=-135.000 Y=7005.000 Z=-85.000), Max=(X=515.000 Y=9555.000 Z=265.000) RuntimeGrid:None EditorOnly:0 RuntimeOnly:0 HLODRelevant:0 ListedInSceneOutliner:1 IsMainWorldOnly:0
 |   |   |- Guid:CCFF262C46EEFFDF319E7F9539CE697E BaseClass: NativeClass:/Script/Engine.SkyAtmosphere Name:SkyAtmosphere_0 Label:SkyAtmosphere SpatiallyLoaded:0 Bounds:IsValid=true, Min=(X=0.000 Y=0.000 Z=1020.000), Max=(X=0.000 Y=0.000 Z=1020.000) RuntimeGrid:None EditorOnly:0 RuntimeOnly:0 HLODRelevant:0 ListedInSceneOutliner:1 IsMainWorldOnly:0 FolderPath:Lighting FolderGuid:963EC3EB4002CCE9759E2EBA541A873A
 |   |   |- Guid:D8360874408AE6F19D8440919E27792D BaseClass: NativeClass:/Script/Engine.StaticMeshActor Name:StaticMeshActor_UAID_A036BC2D119B77E101_1940217705 Label:SM_Cube19 SpatiallyLoaded:1 Bounds:IsValid=true, Min=(X=2110.000 Y=8060.000 Z=150.000), Max=(X=2410.000 Y=8360.000 Z=350.000) RuntimeGrid:None EditorOnly:0 RuntimeOnly:0 HLODRelevant:1 ListedInSceneOutliner:1 IsMainWorldOnly:0 FolderPath:Block03 FolderGuid:7B7009C345D3D6DD94D3429E1D79C034
 |   |   |- Guid:D9AA567140CD32EC68FEC6B9C8BFAD24 BaseClass: NativeClass:/Script/Engine.StaticMeshActor Name:StaticMeshActor_UAID_A036BC2D119B46DF01_1984584971 Label:SM_Cube17 SpatiallyLoaded:1 Bounds:IsValid=true, Min=(X=470.000 Y=6610.000 Z=820.000), Max=(X=770.000 Y=6910.000 Z=895.000) RuntimeGrid:None EditorOnly:0 RuntimeOnly:0 HLODRelevant:1 ListedInSceneOutliner:1 IsMainWorldOnly:0 FolderPath:Block03 FolderGuid:7B7009C345D3D6DD94D3429E1D79C034
 |   |   |- Guid:EB2904CC49D124D3F17C89BA8ED0AE42 BaseClass: NativeClass:/Script/Engine.StaticMeshActor Name:StaticMeshActor_UAID_A036BC2D119B77E101_1940224713 Label:SM_Cube22 SpatiallyLoaded:1 Bounds:IsValid=true, Min=(X=2110.000 Y=8560.000 Z=-120.000), Max=(X=2410.000 Y=8860.000 Z=80.000) RuntimeGrid:None EditorOnly:0 RuntimeOnly:0 HLODRelevant:1 ListedInSceneOutliner:1 IsMainWorldOnly:0 FolderPath:Block03 FolderGuid:7B7009C345D3D6DD94D3429E1D79C034
 |   |   |- Guid:EC4E0C944CE6AC6E784BC6BB2916EA13 BaseClass: NativeClass:/Script/Engine.StaticMeshActor Name:StaticMeshActor_UAID_A4AE111137DC5EFB00_1110535423 Label:SM_SkySphere SpatiallyLoaded:0 Bounds:IsValid=true, Min=(X=-1638400.000 Y=-1638400.000 Z=-1638400.000), Max=(X=1638400.000 Y=1638400.000 Z=1638400.000) RuntimeGrid:None EditorOnly:0 RuntimeOnly:0 HLODRelevant:1 ListedInSceneOutliner:1 IsMainWorldOnly:0 FolderPath:Lighting FolderGuid:963EC3EB4002CCE9759E2EBA541A873A
 |   |   |- Guid:F12686434A2FD0217246CAA507F4276C BaseClass: NativeClass:/Script/Engine.StaticMeshActor Name:StaticMeshActor_UAID_A036BC2D119B46DF01_2023967972 Label:SM_QuarterCylinder15 SpatiallyLoaded:1 Bounds:IsValid=true, Min=(X=420.000 Y=6240.000 Z=990.000), Max=(X=620.000 Y=6440.000 Z=1090.000) RuntimeGrid:None EditorOnly:0 RuntimeOnly:0 HLODRelevant:1 ListedInSceneOutliner:1 IsMainWorldOnly:0 FolderPath:Cylinder FolderGuid:D075E5BA49330D3EC2503D81A7CF88D1
 |   |   |- Guid:F1924B8D48954B30891B2DB6A694F9CC BaseClass: NativeClass:/Script/Engine.StaticMeshActor Name:StaticMeshActor_1 Label:SM_Cube SpatiallyLoaded:1 Bounds:IsValid=true, Min=(X=-1643.000 Y=-990.000 Z=-50.000), Max=(X=1807.000 Y=11060.000 Z=0.000) RuntimeGrid:None EditorOnly:0 RuntimeOnly:0 HLODRelevant:1 ListedInSceneOutliner:1 IsMainWorldOnly:0 FolderPath:Playground FolderGuid:C73F09FC4215536B1DCE2A9E0A830C70
 |   |   |- Guid:F5E3FEB3450C49844FD93DA8E083C8AD BaseClass: NativeClass:/Script/Engine.PostProcessVolume Name:PostProcessVolume_0 Label:PostProcessVolume SpatiallyLoaded:0 Bounds:IsValid=true, Min=(X=0.000 Y=0.000 Z=400.000), Max=(X=200.000 Y=200.000 Z=600.000) RuntimeGrid:None EditorOnly:0 RuntimeOnly:0 HLODRelevant:0 ListedInSceneOutliner:1 IsMainWorldOnly:0 FolderPath:Lighting FolderGuid:963EC3EB4002CCE9759E2EBA541A873A
 |   |   |- Guid:F9ECCF4A475416C54B8F8EBEAFC992AC BaseClass: NativeClass:/Script/Engine.StaticMeshActor Name:StaticMeshActor_UAID_A036BC2D119B77E101_1940221709 Label:SM_Cube20 SpatiallyLoaded:1 Bounds:IsValid=true, Min=(X=2110.000 Y=9020.000 Z=660.000), Max=(X=2410.000 Y=9320.000 Z=735.000) RuntimeGrid:None EditorOnly:0 RuntimeOnly:0 HLODRelevant:1 ListedInSceneOutliner:1 IsMainWorldOnly:0 FolderPath:Block03 FolderGuid:7B7009C345D3D6DD94D3429E1D79C034
 |   |   |- Guid:FA4A34934E35148D456E32A2D66B9464 BaseClass: NativeClass:/Script/NavigationSystem.NavMeshBoundsVolume Name:NavMeshBoundsVolume_UAID_A036BC2D119B33E501_1191450960 Label:NavMeshBoundsVolume SpatiallyLoaded:0 Bounds:IsValid=true, Min=(X=-585.000 Y=7735.000 Z=-85.000), Max=(X=-235.000 Y=8785.000 Z=265.000) RuntimeGrid:None EditorOnly:0 RuntimeOnly:0 HLODRelevant:0 ListedInSceneOutliner:1 IsMainWorldOnly:0
 |   |   |- Guid:FFE9F87D4774C57D7C5D538A04216B71 BaseClass: NativeClass:/Script/Engine.StaticMeshActor Name:StaticMeshActor_UAID_A036BC2D119B46DF01_1982365970 Label:SM_Cube16 SpatiallyLoaded:1 Bounds:IsValid=true, Min=(X=480.000 Y=7080.000 Z=660.000), Max=(X=780.000 Y=7380.000 Z=735.000) RuntimeGrid:None EditorOnly:0 RuntimeOnly:0 HLODRelevant:1 ListedInSceneOutliner:1 IsMainWorldOnly:0 FolderPath:Block03 FolderGuid:7B7009C345D3D6DD94D3429E1D79C034
 |   |- [+] Clusters:
 |   |   |- [+] [  0]
 |   |   |   |- Guid:08F9DC56444CFFF3F13B379E81EF05BC BaseClass: NativeClass:/Script/Engine.StaticMeshActor Name:StaticMeshActor_16 Label:SM_Cube11 SpatiallyLoaded:1 Bounds:IsValid=true, Min=(X=500.000 Y=8260.000 Z=590.000), Max=(X=800.000 Y=8560.000 Z=790.000) RuntimeGrid:None EditorOnly:0 RuntimeOnly:0 HLODRelevant:1 ListedInSceneOutliner:1 IsMainWorldOnly:0 FolderPath:Block03 FolderGuid:7B7009C345D3D6DD94D3429E1D79C034
 |   |   |- [+] [  1]
 |   |   |   |- Guid:098C6AA8466C249C61C3D48EC6A5421D BaseClass: NativeClass:/Script/Engine.StaticMeshActor Name:StaticMeshActor_UAID_A036BC2D119B77E101_1940223712 Label:SM_Cube13 SpatiallyLoaded:1 Bounds:IsValid=true, Min=(X=2110.000 Y=8260.000 Z=0.000), Max=(X=2410.000 Y=8560.000 Z=200.000) RuntimeGrid:None EditorOnly:0 RuntimeOnly:0 HLODRelevant:1 ListedInSceneOutliner:1 IsMainWorldOnly:0 FolderPath:Block03 FolderGuid:7B7009C345D3D6DD94D3429E1D79C034
 |   |   |- [+] [  2]
 |   |   |   |- Guid:23A4B2744A905AF42626F692C3D70EB6 BaseClass: NativeClass:/Script/Engine.StaticMeshActor Name:StaticMeshActor_UAID_A036BC2D119BCAE101_1505763313 Label:SM_SkySphere2 SpatiallyLoaded:0 Bounds:IsValid=true, Min=(X=-1638390.000 Y=-1638390.000 Z=-1638400.000), Max=(X=1638410.000 Y=1638410.000 Z=1638400.000) RuntimeGrid:None EditorOnly:0 RuntimeOnly:0 HLODRelevant:1 ListedInSceneOutliner:1 IsMainWorldOnly:0 FolderPath:Lighting FolderGuid:963EC3EB4002CCE9759E2EBA541A873A
 |   |   |- [+] [  3]
 |   |   |   |- Guid:2FB58999456391D349DC0F86DAC136ED BaseClass: NativeClass:/Script/Engine.SkyLight Name:SkyLight_1 Label:SkyLight SpatiallyLoaded:0 Bounds:IsValid=true, Min=(X=0.000 Y=0.000 Z=690.000), Max=(X=0.000 Y=0.000 Z=690.000) RuntimeGrid:None EditorOnly:0 RuntimeOnly:0 HLODRelevant:0 ListedInSceneOutliner:1 IsMainWorldOnly:0 FolderPath:Lighting FolderGuid:963EC3EB4002CCE9759E2EBA541A873A
 |   |   |- [+] [  4]
 |   |   |   |- Guid:316CF2A6494ACA4C0E4180A87D36AB8F BaseClass: NativeClass:/Script/Engine.ExponentialHeightFog Name:ExponentialHeightFog_0 Label:ExponentialHeightFog SpatiallyLoaded:0 Bounds:IsValid=true, Min=(X=-5600.000 Y=-50.000 Z=-6850.000), Max=(X=-5600.000 Y=-50.000 Z=-6850.000) RuntimeGrid:None EditorOnly:0 RuntimeOnly:0 HLODRelevant:0 ListedInSceneOutliner:1 IsMainWorldOnly:0 FolderPath:Lighting FolderGuid:963EC3EB4002CCE9759E2EBA541A873A
 |   |   |- [+] [  5]
 |   |   |   |- Guid:39B022EF40827AE0F2B221AB5D241570 BaseClass: NativeClass:/Script/Engine.StaticMeshActor Name:StaticMeshActor_UAID_A036BC2D119B77E101_1940218706 Label:SM_QuarterCylinder19 SpatiallyLoaded:1 Bounds:IsValid=true, Min=(X=2290.000 Y=10550.000 Z=0.000), Max=(X=2490.000 Y=10750.000 Z=100.000) RuntimeGrid:None EditorOnly:0 RuntimeOnly:0 HLODRelevant:1 ListedInSceneOutliner:1 IsMainWorldOnly:0 FolderPath:Cylinder FolderGuid:D075E5BA49330D3EC2503D81A7CF88D1
 |   |   |- [+] [  6]
 |   |   |   |- Guid:3A00AA1C422CE54C0BDB60BAF471BFBB BaseClass: NativeClass:/Script/Engine.PlayerStart Name:PlayerStart_0 Label:PlayerStart SpatiallyLoaded:0 Bounds:IsValid=true, Min=(X=610.000 Y=10910.000 Z=20.013), Max=(X=690.000 Y=10990.000 Z=204.013) RuntimeGrid:None EditorOnly:0 RuntimeOnly:0 HLODRelevant:0 ListedInSceneOutliner:1 IsMainWorldOnly:0
 |   |   |- [+] [  7]
 |   |   |   |- Guid:40C6F88347A8A485658601A44FE8191A BaseClass: NativeClass:/Script/NavigationSystem.RecastNavMesh Name:RecastNavMesh_UAID_A036BC2D119B33E501-Default Label:RecastNavMesh-Default SpatiallyLoaded:0 Bounds:IsValid=true, Min=(X=0.000 Y=0.000 Z=0.000), Max=(X=0.000 Y=0.000 Z=0.000) RuntimeGrid:None EditorOnly:0 RuntimeOnly:0 HLODRelevant:0 ListedInSceneOutliner:1 IsMainWorldOnly:0
 |   |   |- [+] [  8]
 |   |   |   |- Guid:427A69FA4167011BFC8D57AA8A218579 BaseClass:/Game/ThirdPerson/Blueprints/BP_CurveSpline.BP_CurveSpline_C NativeClass:/Script/Engine.Actor Name:BP_CurveSpline_C_UAID_A036BC2D119BF9E301_1706912696 Label:BP_CurveSpline SpatiallyLoaded:1 Bounds:IsValid=true, Min=(X=-116.017 Y=4555.400 Z=-0.560), Max=(X=902.569 Y=10870.000 Z=200.560) RuntimeGrid:None EditorOnly:0 RuntimeOnly:0 HLODRelevant:0 ListedInSceneOutliner:1 IsMainWorldOnly:0
 |   |   |- [+] [  9]
 |   |   |   |- Guid:4674C11A467C2D761C09C79D8081705C BaseClass: NativeClass:/Script/Engine.StaticMeshActor Name:StaticMeshActor_UAID_A036BC2D119B77E101_1940214704 Label:SM_Cube18 SpatiallyLoaded:1 Bounds:IsValid=true, Min=(X=2110.000 Y=8580.000 Z=480.000), Max=(X=2410.000 Y=8880.000 Z=555.000) RuntimeGrid:None EditorOnly:0 RuntimeOnly:0 HLODRelevant:1 ListedInSceneOutliner:1 IsMainWorldOnly:0 FolderPath:Block03 FolderGuid:7B7009C345D3D6DD94D3429E1D79C034
 |   |   |- [+] [ 10]
 |   |   |   |- Guid:4D3BE93F4146AAAC8BBE79999D96D57F BaseClass: NativeClass:/Script/Engine.VolumetricCloud Name:VolumetricCloud_0 Label:VolumetricCloud SpatiallyLoaded:0 Bounds:IsValid=true, Min=(X=0.000 Y=0.000 Z=820.000), Max=(X=0.000 Y=0.000 Z=820.000) RuntimeGrid:None EditorOnly:0 RuntimeOnly:0 HLODRelevant:0 ListedInSceneOutliner:1 IsMainWorldOnly:0 FolderPath:Lighting FolderGuid:963EC3EB4002CCE9759E2EBA541A873A
 |   |   |- [+] [ 11]
 |   |   |   |- Guid:4DAF0E344013CC7A70A4DBAA1A9F1FEC BaseClass:/Game/ThirdPerson/Blueprints/EnemyCharacter.EnemyCharacter_C NativeClass:/Script/Engine.Character Name:EnemyCharacter_C_UAID_A036BC2D119B33E501_1177267959 Label:EnemyCharacter SpatiallyLoaded:1 Bounds:IsValid=true, Min=(X=-485.000 Y=8665.000 Z=-10.000), Max=(X=-412.409 Y=8735.000 Z=180.336) RuntimeGrid:None EditorOnly:0 RuntimeOnly:0 HLODRelevant:0 ListedInSceneOutliner:1 IsMainWorldOnly:0
 |   |   |- [+] [ 12]
 |   |   |   |- Guid:4E78909643F9CA2E9FC1939D0A492C80 BaseClass: NativeClass:/Script/Engine.StaticMeshActor Name:StaticMeshActor_UAID_A036BC2D119B77E101_1940222711 Label:SM_Cube21 SpatiallyLoaded:1 Bounds:IsValid=true, Min=(X=2110.000 Y=9470.000 Z=820.000), Max=(X=2410.000 Y=9770.000 Z=895.000) RuntimeGrid:None EditorOnly:0 RuntimeOnly:0 HLODRelevant:1 ListedInSceneOutliner:1 IsMainWorldOnly:0 FolderPath:Block03 FolderGuid:7B7009C345D3D6DD94D3429E1D79C034
 |   |   |- [+] [ 13]
 |   |   |   |- Guid:51E61161489D3A2FDF3A6A86A481A1D4 BaseClass: NativeClass:/Script/Engine.StaticMeshActor Name:StaticMeshActor_UAID_A036BC2D119B77E101_1940220708 Label:SM_Ramp3 SpatiallyLoaded:1 Bounds:IsValid=true, Min=(X=2170.000 Y=9610.000 Z=0.000), Max=(X=2370.000 Y=10010.000 Z=100.000) RuntimeGrid:None EditorOnly:0 RuntimeOnly:0 HLODRelevant:1 ListedInSceneOutliner:1 IsMainWorldOnly:0 FolderPath:Block01 FolderGuid:7D23E5AE4C2A421F86AF6986D87E6D05
 |   |   |- [+] [ 14]
 |   |   |   |- Guid:5A999E2A41C63BB85FA56FBC1BC57684 BaseClass: NativeClass:/Script/Engine.StaticMeshActor Name:StaticMeshActor_UAID_A036BC2D119B77E101_1940219707 Label:SM_QuarterCylinder20 SpatiallyLoaded:1 Bounds:IsValid=true, Min=(X=2090.000 Y=10000.000 Z=990.000), Max=(X=2290.000 Y=10200.000 Z=1090.000) RuntimeGrid:None EditorOnly:0 RuntimeOnly:0 HLODRelevant:1 ListedInSceneOutliner:1 IsMainWorldOnly:0 FolderPath:Cylinder FolderGuid:D075E5BA49330D3EC2503D81A7CF88D1
 |   |   |- [+] [ 15]
 |   |   |   |- Guid:5D08473042C9CB09B28A1E93285B8257 BaseClass:/Game/MyBlueprints/BP_Recuerdo4.BP_Recuerdo4_C NativeClass:/Script/Engine.Actor Name:BP_Recuerdo4_C_UAID_A036BC2D119B93E501_1716036857 Label:BP_Recuerdo4 SpatiallyLoaded:1 Bounds:IsValid=true, Min=(X=608.000 Y=9824.375 Z=0.038), Max=(X=730.000 Y=9970.000 Z=118.788) RuntimeGrid:None EditorOnly:0 RuntimeOnly:0 HLODRelevant:0 ListedInSceneOutliner:1 IsMainWorldOnly:0
 |   |   |- [+] [ 16]
 |   |   |   |- Guid:5E23977046559D70FCD984B2D04ABE99 BaseClass: NativeClass:/Script/Engine.StaticMeshActor Name:StaticMeshActor_UAID_A036BC2D119B46DF01_2030480975 Label:SM_QuarterCylinder18 SpatiallyLoaded:1 Bounds:IsValid=true, Min=(X=620.000 Y=5670.000 Z=990.000), Max=(X=820.000 Y=5870.000 Z=1090.000) RuntimeGrid:None EditorOnly:0 RuntimeOnly:0 HLODRelevant:1 ListedInSceneOutliner:1 IsMainWorldOnly:0 FolderPath:Cylinder FolderGuid:D075E5BA49330D3EC2503D81A7CF88D1
 |   |   |- [+] [ 17]
 |   |   |   |- Guid:6BAF4DDD444C60371492D3919DB42C97 BaseClass: NativeClass:/Script/Engine.WorldDataLayers Name:WorldDataLayers Label:WorldDataLayers SpatiallyLoaded:0 Bounds:IsValid=true, Min=(X=0.000 Y=0.000 Z=0.000), Max=(X=0.000 Y=0.000 Z=0.000) RuntimeGrid:None EditorOnly:0 RuntimeOnly:0 HLODRelevant:0 ListedInSceneOutliner:1 IsMainWorldOnly:1
 |   |   |- [+] [ 18]
 |   |   |   |- Guid:9270D70E4FD890B5B5C39CA56F42A5E2 BaseClass: NativeClass:/Script/Engine.StaticMeshActor Name:StaticMeshActor_UAID_A036BC2D119B46DF01_1908715967 Label:SM_Cube12 SpatiallyLoaded:1 Bounds:IsValid=true, Min=(X=-225.000 Y=8790.000 Z=-20.000), Max=(X=-150.000 Y=11090.000 Z=180.000) RuntimeGrid:None EditorOnly:0 RuntimeOnly:0 HLODRelevant:1 ListedInSceneOutliner:1 IsMainWorldOnly:0 FolderPath:Block03 FolderGuid:7B7009C345D3D6DD94D3429E1D79C034
 |   |   |- [+] [ 19]
 |   |   |   |- Guid:973FA4224E01868B456C7EA2C69C5116 BaseClass: NativeClass:/Script/Engine.StaticMeshActor Name:StaticMeshActor_UAID_A036BC2D119B46DF01_2030478974 Label:SM_QuarterCylinder17 SpatiallyLoaded:1 Bounds:IsValid=true, Min=(X=420.000 Y=5670.000 Z=990.000), Max=(X=620.000 Y=5870.000 Z=1090.000) RuntimeGrid:None EditorOnly:0 RuntimeOnly:0 HLODRelevant:1 ListedInSceneOutliner:1 IsMainWorldOnly:0 FolderPath:Cylinder FolderGuid:D075E5BA49330D3EC2503D81A7CF88D1
 |   |   |- [+] [ 20]
 |   |   |   |- Guid:9DC751344C644D780302FE978C7C6F41 BaseClass: NativeClass:/Script/Engine.StaticMeshActor Name:StaticMeshActor_UAID_A036BC2D119B46DF01_1919436968 Label:SM_Cube14 SpatiallyLoaded:1 Bounds:IsValid=true, Min=(X=500.000 Y=8060.000 Z=740.000), Max=(X=800.000 Y=8360.000 Z=940.000) RuntimeGrid:None EditorOnly:0 RuntimeOnly:0 HLODRelevant:1 ListedInSceneOutliner:1 IsMainWorldOnly:0 FolderPath:Block03 FolderGuid:7B7009C345D3D6DD94D3429E1D79C034
 |   |   |- [+] [ 21]
 |   |   |   |- Guid:A114646544805D4B6C830DB90A2A9790 BaseClass:/Game/MyBlueprints/BP_Recuerdo1.BP_Recuerdo1_C NativeClass:/Script/Engine.Actor Name:BP_Zapato_C_UAID_A036BC2D119B8DE501_1259043799 Label:BP_Recuerdo1 SpatiallyLoaded:1 Bounds:IsValid=true, Min=(X=608.000 Y=10094.000 Z=-5.776), Max=(X=730.000 Y=10766.000 Z=250.224) RuntimeGrid:None EditorOnly:0 RuntimeOnly:0 HLODRelevant:0 ListedInSceneOutliner:1 IsMainWorldOnly:0
 |   |   |- [+] [ 22]
 |   |   |   |- Guid:A1F69A974CFA2E63BED2EA81A0CE2F59 BaseClass:/Game/MyBlueprints/BP_Recuerdo2.BP_Recuerdo2_C NativeClass:/Script/Engine.Actor Name:BP_Recuerdo2_C_UAID_A036BC2D119B93E501_1711952855 Label:BP_Recuerdo2 SpatiallyLoaded:1 Bounds:IsValid=true, Min=(X=608.000 Y=10238.000 Z=0.038), Max=(X=730.000 Y=10302.000 Z=127.538) RuntimeGrid:None EditorOnly:0 RuntimeOnly:0 HLODRelevant:0 ListedInSceneOutliner:1 IsMainWorldOnly:0
 |   |   |- [+] [ 23]
 |   |   |   |- Guid:A213FCE54FD4F7FB9EE7D89B37BB32BD BaseClass:/Game/MyBlueprints/BP_Recuerdo5.BP_Recuerdo5_C NativeClass:/Script/Engine.Actor Name:BP_Recuerdo5_C_UAID_A036BC2D119B93E501_1717781858 Label:BP_Recuerdo5 SpatiallyLoaded:1 Bounds:IsValid=true, Min=(X=588.000 Y=9674.375 Z=0.038), Max=(X=710.000 Y=9820.000 Z=118.788) RuntimeGrid:None EditorOnly:0 RuntimeOnly:0 HLODRelevant:0 ListedInSceneOutliner:1 IsMainWorldOnly:0
 |   |   |- [+] [ 24]
 |   |   |   |- Guid:B785ED2844B84CFB91E7F39FE661CD99 BaseClass: NativeClass:/Script/Engine.DirectionalLight Name:DirectionalLight_0 Label:DirectionalLight SpatiallyLoaded:0 Bounds:IsValid=true, Min=(X=-1048576.000 Y=-1048576.000 Z=-1048576.000), Max=(X=1048576.000 Y=1048576.000 Z=1048576.000) RuntimeGrid:None EditorOnly:0 RuntimeOnly:0 HLODRelevant:0 ListedInSceneOutliner:1 IsMainWorldOnly:0 FolderPath:Lighting FolderGuid:963EC3EB4002CCE9759E2EBA541A873A
 |   |   |- [+] [ 25]
 |   |   |   |- Guid:B7D08C44411EEED9B81AF2A4C984A1E2 BaseClass: NativeClass:/Script/Engine.StaticMeshActor Name:StaticMeshActor_UAID_A036BC2D119B46DF01_2023968973 Label:SM_QuarterCylinder16 SpatiallyLoaded:1 Bounds:IsValid=true, Min=(X=620.000 Y=6240.000 Z=990.000), Max=(X=820.000 Y=6440.000 Z=1090.000) RuntimeGrid:None EditorOnly:0 RuntimeOnly:0 HLODRelevant:1 ListedInSceneOutliner:1 IsMainWorldOnly:0 FolderPath:Cylinder FolderGuid:D075E5BA49330D3EC2503D81A7CF88D1
 |   |   |- [+] [ 26]
 |   |   |   |- Guid:B9AF3D6E4A309519086B62B338DE9A09 BaseClass:/Game/MyBlueprints/BP_Recuerdo3.BP_Recuerdo3_C NativeClass:/Script/Engine.Actor Name:BP_Recuerdo3_C_UAID_A036BC2D119B93E501_1714185856 Label:BP_Recuerdo3 SpatiallyLoaded:1 Bounds:IsValid=true, Min=(X=608.000 Y=10058.000 Z=0.038), Max=(X=730.000 Y=10122.000 Z=127.538) RuntimeGrid:None EditorOnly:0 RuntimeOnly:0 HLODRelevant:0 ListedInSceneOutliner:1 IsMainWorldOnly:0
 |   |   |- [+] [ 27]
 |   |   |   |- Guid:BD6E46144FE3DBD7042931B60E3E8C26 BaseClass: NativeClass:/Script/Engine.StaticMeshActor Name:StaticMeshActor_UAID_A036BC2D119BCAE101_1598824316 Label:SM_Cube23 SpatiallyLoaded:1 Bounds:IsValid=true, Min=(X=500.000 Y=7500.000 Z=480.000), Max=(X=800.000 Y=7800.000 Z=555.000) RuntimeGrid:None EditorOnly:0 RuntimeOnly:0 HLODRelevant:1 ListedInSceneOutliner:1 IsMainWorldOnly:0 FolderPath:Block03 FolderGuid:7B7009C345D3D6DD94D3429E1D79C034
 |   |   |- [+] [ 28]
 |   |   |   |- Guid:C0559F4448916509BE3C159FDBDC9666 BaseClass: NativeClass:/Script/Engine.StaticMeshActor Name:StaticMeshActor_UAID_A036BC2D119B77E101_1940222710 Label:SM_QuarterCylinder21 SpatiallyLoaded:1 Bounds:IsValid=true, Min=(X=2290.000 Y=10510.000 Z=990.000), Max=(X=2490.000 Y=10710.000 Z=1090.000) RuntimeGrid:None EditorOnly:0 RuntimeOnly:0 HLODRelevant:1 ListedInSceneOutliner:1 IsMainWorldOnly:0 FolderPath:Cylinder FolderGuid:D075E5BA49330D3EC2503D81A7CF88D1
 |   |   |- [+] [ 29]
 |   |   |   |- Guid:C5E018084D5504B5D2E83CA400374DCF BaseClass: NativeClass:/Script/NavigationSystem.NavMeshBoundsVolume Name:NavMeshBoundsVolume_UAID_A036BC2D119BCBE601_1589088768 Label:NavMeshBoundsVolume2 SpatiallyLoaded:0 Bounds:IsValid=true, Min=(X=-135.000 Y=7005.000 Z=-85.000), Max=(X=515.000 Y=9555.000 Z=265.000) RuntimeGrid:None EditorOnly:0 RuntimeOnly:0 HLODRelevant:0 ListedInSceneOutliner:1 IsMainWorldOnly:0
 |   |   |- [+] [ 30]
 |   |   |   |- Guid:CCFF262C46EEFFDF319E7F9539CE697E BaseClass: NativeClass:/Script/Engine.SkyAtmosphere Name:SkyAtmosphere_0 Label:SkyAtmosphere SpatiallyLoaded:0 Bounds:IsValid=true, Min=(X=0.000 Y=0.000 Z=1020.000), Max=(X=0.000 Y=0.000 Z=1020.000) RuntimeGrid:None EditorOnly:0 RuntimeOnly:0 HLODRelevant:0 ListedInSceneOutliner:1 IsMainWorldOnly:0 FolderPath:Lighting FolderGuid:963EC3EB4002CCE9759E2EBA541A873A
 |   |   |- [+] [ 31]
 |   |   |   |- Guid:D8360874408AE6F19D8440919E27792D BaseClass: NativeClass:/Script/Engine.StaticMeshActor Name:StaticMeshActor_UAID_A036BC2D119B77E101_1940217705 Label:SM_Cube19 SpatiallyLoaded:1 Bounds:IsValid=true, Min=(X=2110.000 Y=8060.000 Z=150.000), Max=(X=2410.000 Y=8360.000 Z=350.000) RuntimeGrid:None EditorOnly:0 RuntimeOnly:0 HLODRelevant:1 ListedInSceneOutliner:1 IsMainWorldOnly:0 FolderPath:Block03 FolderGuid:7B7009C345D3D6DD94D3429E1D79C034
 |   |   |- [+] [ 32]
 |   |   |   |- Guid:D9AA567140CD32EC68FEC6B9C8BFAD24 BaseClass: NativeClass:/Script/Engine.StaticMeshActor Name:StaticMeshActor_UAID_A036BC2D119B46DF01_1984584971 Label:SM_Cube17 SpatiallyLoaded:1 Bounds:IsValid=true, Min=(X=470.000 Y=6610.000 Z=820.000), Max=(X=770.000 Y=6910.000 Z=895.000) RuntimeGrid:None EditorOnly:0 RuntimeOnly:0 HLODRelevant:1 ListedInSceneOutliner:1 IsMainWorldOnly:0 FolderPath:Block03 FolderGuid:7B7009C345D3D6DD94D3429E1D79C034
 |   |   |- [+] [ 33]
 |   |   |   |- Guid:EB2904CC49D124D3F17C89BA8ED0AE42 BaseClass: NativeClass:/Script/Engine.StaticMeshActor Name:StaticMeshActor_UAID_A036BC2D119B77E101_1940224713 Label:SM_Cube22 SpatiallyLoaded:1 Bounds:IsValid=true, Min=(X=2110.000 Y=8560.000 Z=-120.000), Max=(X=2410.000 Y=8860.000 Z=80.000) RuntimeGrid:None EditorOnly:0 RuntimeOnly:0 HLODRelevant:1 ListedInSceneOutliner:1 IsMainWorldOnly:0 FolderPath:Block03 FolderGuid:7B7009C345D3D6DD94D3429E1D79C034
 |   |   |- [+] [ 34]
 |   |   |   |- Guid:EC4E0C944CE6AC6E784BC6BB2916EA13 BaseClass: NativeClass:/Script/Engine.StaticMeshActor Name:StaticMeshActor_UAID_A4AE111137DC5EFB00_1110535423 Label:SM_SkySphere SpatiallyLoaded:0 Bounds:IsValid=true, Min=(X=-1638400.000 Y=-1638400.000 Z=-1638400.000), Max=(X=1638400.000 Y=1638400.000 Z=1638400.000) RuntimeGrid:None EditorOnly:0 RuntimeOnly:0 HLODRelevant:1 ListedInSceneOutliner:1 IsMainWorldOnly:0 FolderPath:Lighting FolderGuid:963EC3EB4002CCE9759E2EBA541A873A
 |   |   |- [+] [ 35]
 |   |   |   |- Guid:F12686434A2FD0217246CAA507F4276C BaseClass: NativeClass:/Script/Engine.StaticMeshActor Name:StaticMeshActor_UAID_A036BC2D119B46DF01_2023967972 Label:SM_QuarterCylinder15 SpatiallyLoaded:1 Bounds:IsValid=true, Min=(X=420.000 Y=6240.000 Z=990.000), Max=(X=620.000 Y=6440.000 Z=1090.000) RuntimeGrid:None EditorOnly:0 RuntimeOnly:0 HLODRelevant:1 ListedInSceneOutliner:1 IsMainWorldOnly:0 FolderPath:Cylinder FolderGuid:D075E5BA49330D3EC2503D81A7CF88D1
 |   |   |- [+] [ 36]
 |   |   |   |- Guid:F1924B8D48954B30891B2DB6A694F9CC BaseClass: NativeClass:/Script/Engine.StaticMeshActor Name:StaticMeshActor_1 Label:SM_Cube SpatiallyLoaded:1 Bounds:IsValid=true, Min=(X=-1643.000 Y=-990.000 Z=-50.000), Max=(X=1807.000 Y=11060.000 Z=0.000) RuntimeGrid:None EditorOnly:0 RuntimeOnly:0 HLODRelevant:1 ListedInSceneOutliner:1 IsMainWorldOnly:0 FolderPath:Playground FolderGuid:C73F09FC4215536B1DCE2A9E0A830C70
 |   |   |- [+] [ 37]
 |   |   |   |- Guid:F5E3FEB3450C49844FD93DA8E083C8AD BaseClass: NativeClass:/Script/Engine.PostProcessVolume Name:PostProcessVolume_0 Label:PostProcessVolume SpatiallyLoaded:0 Bounds:IsValid=true, Min=(X=0.000 Y=0.000 Z=400.000), Max=(X=200.000 Y=200.000 Z=600.000) RuntimeGrid:None EditorOnly:0 RuntimeOnly:0 HLODRelevant:0 ListedInSceneOutliner:1 IsMainWorldOnly:0 FolderPath:Lighting FolderGuid:963EC3EB4002CCE9759E2EBA541A873A
 |   |   |- [+] [ 38]
 |   |   |   |- Guid:F9ECCF4A475416C54B8F8EBEAFC992AC BaseClass: NativeClass:/Script/Engine.StaticMeshActor Name:StaticMeshActor_UAID_A036BC2D119B77E101_1940221709 Label:SM_Cube20 SpatiallyLoaded:1 Bounds:IsValid=true, Min=(X=2110.000 Y=9020.000 Z=660.000), Max=(X=2410.000 Y=9320.000 Z=735.000) RuntimeGrid:None EditorOnly:0 RuntimeOnly:0 HLODRelevant:1 ListedInSceneOutliner:1 IsMainWorldOnly:0 FolderPath:Block03 FolderGuid:7B7009C345D3D6DD94D3429E1D79C034
 |   |   |- [+] [ 39]
 |   |   |   |- Guid:FA4A34934E35148D456E32A2D66B9464 BaseClass: NativeClass:/Script/NavigationSystem.NavMeshBoundsVolume Name:NavMeshBoundsVolume_UAID_A036BC2D119B33E501_1191450960 Label:NavMeshBoundsVolume SpatiallyLoaded:0 Bounds:IsValid=true, Min=(X=-585.000 Y=7735.000 Z=-85.000), Max=(X=-235.000 Y=8785.000 Z=265.000) RuntimeGrid:None EditorOnly:0 RuntimeOnly:0 HLODRelevant:0 ListedInSceneOutliner:1 IsMainWorldOnly:0
 |   |   |- [+] [ 40]
 |   |   |   |- Guid:FFE9F87D4774C57D7C5D538A04216B71 BaseClass: NativeClass:/Script/Engine.StaticMeshActor Name:StaticMeshActor_UAID_A036BC2D119B46DF01_1982365970 Label:SM_Cube16 SpatiallyLoaded:1 Bounds:IsValid=true, Min=(X=480.000 Y=7080.000 Z=660.000), Max=(X=780.000 Y=7380.000 Z=735.000) RuntimeGrid:None EditorOnly:0 RuntimeOnly:0 HLODRelevant:1 ListedInSceneOutliner:1 IsMainWorldOnly:0 FolderPath:Block03 FolderGuid:7B7009C345D3D6DD94D3429E1D79C034
 |- ContainerInstances:
 |- [+] MainContainer:
 |   |-        ID: 00000000000000000000000000000000
 |   |-  ParentID: 00000000000000000000000000000000
 |   |-    Bounds: IsValid=false, Min=(X=0.000 Y=0.000 Z=0.000), Max=(X=0.000 Y=0.000 Z=0.000)
 |   |- Transform: 0.000000,0.000000,0.000000|0.000000,0.000000,-0.000000|1.000000,1.000000,1.000000
 |   |- Container: /Game/ThirdPerson/Maps/ThirdPersonMap
----------------------------------------------------------------------------------------------------------------
ThirdPersonMap - Persistent Level
----------------------------------------------------------------------------------------------------------------
[+] Content of ThirdPersonMap Persistent Level
 |- Always loaded Actor Count: 48 
 |- Actor Path: /Game/ThirdPerson/Maps/ThirdPersonMap.ThirdPersonMap:PersistentLevel.AbstractNavData-Default
 |- Actor Package: /Game/ThirdPerson/Maps/ThirdPersonMap
 |- Actor Path: /Game/ThirdPerson/Maps/ThirdPersonMap.ThirdPersonMap:PersistentLevel.BP_CurveSpline_C_UAID_A036BC2D119BF9E301_1706912696
 |- Actor Package: /Game/__ExternalActors__/ThirdPerson/Maps/ThirdPersonMap/E/CL/3LZLSFM87PJKFPPOP6KZ15
 |- Actor Path: /Game/ThirdPerson/Maps/ThirdPersonMap.ThirdPersonMap:PersistentLevel.BP_Recuerdo2_C_UAID_A036BC2D119B93E501_1711952855
 |- Actor Package: /Game/__ExternalActors__/ThirdPerson/Maps/ThirdPersonMap/D/IM/UZXQMJUQSRENIEAC0J1OF1
 |- Actor Path: /Game/ThirdPerson/Maps/ThirdPersonMap.ThirdPersonMap:PersistentLevel.BP_Recuerdo3_C_UAID_A036BC2D119B93E501_1714185856
 |- Actor Package: /Game/__ExternalActors__/ThirdPerson/Maps/ThirdPersonMap/1/98/NAQR9PKJ8R3ZTP6O0880AM
 |- Actor Path: /Game/ThirdPerson/Maps/ThirdPersonMap.ThirdPersonMap:PersistentLevel.BP_Recuerdo4_C_UAID_A036BC2D119B93E501_1716036857
 |- Actor Package: /Game/__ExternalActors__/ThirdPerson/Maps/ThirdPersonMap/A/AQ/1DQ4G2R6VQ04TFQCQCSOY8
 |- Actor Path: /Game/ThirdPerson/Maps/ThirdPersonMap.ThirdPersonMap:PersistentLevel.BP_Recuerdo5_C_UAID_A036BC2D119B93E501_1717781858
 |- Actor Package: /Game/__ExternalActors__/ThirdPerson/Maps/ThirdPersonMap/5/TN/OZCF0WO4RTPNZ1YQW8PIR0
 |- Actor Path: /Game/ThirdPerson/Maps/ThirdPersonMap.ThirdPersonMap:PersistentLevel.BP_Zapato_C_UAID_A036BC2D119B8DE501_1259043799
 |- Actor Package: /Game/__ExternalActors__/ThirdPerson/Maps/ThirdPersonMap/8/7H/KBP7NMQ1X1UJT595HC2AQH
 |- Actor Path: /Game/ThirdPerson/Maps/ThirdPersonMap.ThirdPersonMap:PersistentLevel.Brush_0
 |- Actor Package: /Game/ThirdPerson/Maps/ThirdPersonMap
 |- Actor Path: /Game/ThirdPerson/Maps/ThirdPersonMap.ThirdPersonMap:PersistentLevel.DefaultPhysicsVolume_0
 |- Actor Package: /Game/ThirdPerson/Maps/ThirdPersonMap
 |- Actor Path: /Game/ThirdPerson/Maps/ThirdPersonMap.ThirdPersonMap:PersistentLevel.DirectionalLight_0
 |- Actor Package: /Game/__ExternalActors__/ThirdPerson/Maps/ThirdPersonMap/5/R1/TS5OQ5CRUWFZYL1ZQ7I416
 |- Actor Path: /Game/ThirdPerson/Maps/ThirdPersonMap.ThirdPersonMap:PersistentLevel.EnemyCharacter_C_UAID_A036BC2D119B33E501_1177267959
 |- Actor Package: /Game/__ExternalActors__/ThirdPerson/Maps/ThirdPersonMap/0/1H/E52IDQW83CLRG15OUFVBZX
 |- Actor Path: /Game/ThirdPerson/Maps/ThirdPersonMap.ThirdPersonMap:PersistentLevel.ExponentialHeightFog_0
 |- Actor Package: /Game/__ExternalActors__/ThirdPerson/Maps/ThirdPersonMap/6/J7/N10XDC9G27EMLS5AGZ6AVV
 |- Actor Path: /Game/ThirdPerson/Maps/ThirdPersonMap.ThirdPersonMap:PersistentLevel.GameplayDebuggerPlayerManager_0
 |- Actor Package: /Game/ThirdPerson/Maps/ThirdPersonMap
 |- Actor Path: /Game/ThirdPerson/Maps/ThirdPersonMap.ThirdPersonMap:PersistentLevel.NavMeshBoundsVolume_UAID_A036BC2D119B33E501_1191450960
 |- Actor Package: /Game/__ExternalActors__/ThirdPerson/Maps/ThirdPersonMap/7/UB/PHK7BETJNPAJ9ZDXOZRM1A
 |- Actor Path: /Game/ThirdPerson/Maps/ThirdPersonMap.ThirdPersonMap:PersistentLevel.NavMeshBoundsVolume_UAID_A036BC2D119BCBE601_1589088768
 |- Actor Package: /Game/__ExternalActors__/ThirdPerson/Maps/ThirdPersonMap/1/HD/0Y4T9ILJ1QVM0YAAZR7HUC
 |- Actor Path: /Game/ThirdPerson/Maps/ThirdPersonMap.ThirdPersonMap:PersistentLevel.PlayerStart_0
 |- Actor Package: /Game/__ExternalActors__/ThirdPerson/Maps/ThirdPersonMap/D/DE/SWSI13675DVYIZ0N4NF7Y3
 |- Actor Path: /Game/ThirdPerson/Maps/ThirdPersonMap.ThirdPersonMap:PersistentLevel.PostProcessVolume_0
 |- Actor Package: /Game/__ExternalActors__/ThirdPerson/Maps/ThirdPersonMap/1/AZ/A7GPT109Y6ZTTJD4A7TXER
 |- Actor Path: /Game/ThirdPerson/Maps/ThirdPersonMap.ThirdPersonMap:PersistentLevel.RecastNavMesh_UAID_A036BC2D119B33E501-Default
 |- Actor Package: /Game/__ExternalActors__/ThirdPerson/Maps/ThirdPersonMap/2/6C/T0C7BGVUSTRR6RQKH9R9A3
 |- Actor Path: /Game/ThirdPerson/Maps/ThirdPersonMap.ThirdPersonMap:PersistentLevel.SkyAtmosphere_0
 |- Actor Package: /Game/__ExternalActors__/ThirdPerson/Maps/ThirdPersonMap/4/LN/30UBDLYFFA5ZR7U4W4L4GG
 |- Actor Path: /Game/ThirdPerson/Maps/ThirdPersonMap.ThirdPersonMap:PersistentLevel.SkyLight_1
 |- Actor Package: /Game/__ExternalActors__/ThirdPerson/Maps/ThirdPersonMap/8/S1/DXUWD12MD3HRWVVXX076BY
 |- Actor Path: /Game/ThirdPerson/Maps/ThirdPersonMap.ThirdPersonMap:PersistentLevel.StaticMeshActor_1
 |- Actor Package: /Game/__ExternalActors__/ThirdPerson/Maps/ThirdPersonMap/6/YO/NG2R9BPZVA7ZDN0Z4VSTG6
 |- Actor Path: /Game/ThirdPerson/Maps/ThirdPersonMap.ThirdPersonMap:PersistentLevel.StaticMeshActor_16
 |- Actor Package: /Game/__ExternalActors__/ThirdPerson/Maps/ThirdPersonMap/B/4D/BBOCKSZY1GVHTFRX0PR0O8
 |- Actor Path: /Game/ThirdPerson/Maps/ThirdPersonMap.ThirdPersonMap:PersistentLevel.StaticMeshActor_UAID_A036BC2D119B46DF01_1908715967
 |- Actor Package: /Game/__ExternalActors__/ThirdPerson/Maps/ThirdPersonMap/D/TS/S3NEIURXGXFJWYWVX3RYDG
 |- Actor Path: /Game/ThirdPerson/Maps/ThirdPersonMap.ThirdPersonMap:PersistentLevel.StaticMeshActor_UAID_A036BC2D119B46DF01_1919436968
 |- Actor Package: /Game/__ExternalActors__/ThirdPerson/Maps/ThirdPersonMap/3/KO/YFX6KNL560GDJQ1D7C9RSB
 |- Actor Path: /Game/ThirdPerson/Maps/ThirdPersonMap.ThirdPersonMap:PersistentLevel.StaticMeshActor_UAID_A036BC2D119B46DF01_1982365970
 |- Actor Package: /Game/__ExternalActors__/ThirdPerson/Maps/ThirdPersonMap/8/80/JVBUQOJRJ6DYVO50M5KMBZ
 |- Actor Path: /Game/ThirdPerson/Maps/ThirdPersonMap.ThirdPersonMap:PersistentLevel.StaticMeshActor_UAID_A036BC2D119B46DF01_1984584971
 |- Actor Package: /Game/__ExternalActors__/ThirdPerson/Maps/ThirdPersonMap/A/8O/T4VGCLRPTKKMZATMZH79TZ
 |- Actor Path: /Game/ThirdPerson/Maps/ThirdPersonMap.ThirdPersonMap:PersistentLevel.StaticMeshActor_UAID_A036BC2D119B46DF01_2023967972
 |- Actor Package: /Game/__ExternalActors__/ThirdPerson/Maps/ThirdPersonMap/E/5Y/CK70K8Z59FOFUAROUAHGPC
 |- Actor Path: /Game/ThirdPerson/Maps/ThirdPersonMap.ThirdPersonMap:PersistentLevel.StaticMeshActor_UAID_A036BC2D119B46DF01_2023968973
 |- Actor Package: /Game/__ExternalActors__/ThirdPerson/Maps/ThirdPersonMap/7/6K/EKLZA1K0I8LS7J3REHWQZF
 |- Actor Path: /Game/ThirdPerson/Maps/ThirdPersonMap.ThirdPersonMap:PersistentLevel.StaticMeshActor_UAID_A036BC2D119B46DF01_2030478974
 |- Actor Package: /Game/__ExternalActors__/ThirdPerson/Maps/ThirdPersonMap/9/4F/0AEW1MVVEVPDXT7I8Q285Z
 |- Actor Path: /Game/ThirdPerson/Maps/ThirdPersonMap.ThirdPersonMap:PersistentLevel.StaticMeshActor_UAID_A036BC2D119B46DF01_2030480975
 |- Actor Package: /Game/__ExternalActors__/ThirdPerson/Maps/ThirdPersonMap/6/S2/B9TXPX7YQSHLT5Z280ZQ78
 |- Actor Path: /Game/ThirdPerson/Maps/ThirdPersonMap.ThirdPersonMap:PersistentLevel.StaticMeshActor_UAID_A036BC2D119B77E101_1940214704
 |- Actor Package: /Game/__ExternalActors__/ThirdPerson/Maps/ThirdPersonMap/B/LK/FFFR14TSY37CHI02QSX43K
 |- Actor Path: /Game/ThirdPerson/Maps/ThirdPersonMap.ThirdPersonMap:PersistentLevel.StaticMeshActor_UAID_A036BC2D119B77E101_1940217705
 |- Actor Package: /Game/__ExternalActors__/ThirdPerson/Maps/ThirdPersonMap/C/MY/84WS3YH558RKRULJAC1UUQ
 |- Actor Path: /Game/ThirdPerson/Maps/ThirdPersonMap.ThirdPersonMap:PersistentLevel.StaticMeshActor_UAID_A036BC2D119B77E101_1940218706
 |- Actor Package: /Game/__ExternalActors__/ThirdPerson/Maps/ThirdPersonMap/E/TW/II5HCCPDJ5IJ0T96JRVECW
 |- Actor Path: /Game/ThirdPerson/Maps/ThirdPersonMap.ThirdPersonMap:PersistentLevel.StaticMeshActor_UAID_A036BC2D119B77E101_1940219707
 |- Actor Package: /Game/__ExternalActors__/ThirdPerson/Maps/ThirdPersonMap/5/GK/QH5UF5KXWLY8G8GCPNO7P1
 |- Actor Path: /Game/ThirdPerson/Maps/ThirdPersonMap.ThirdPersonMap:PersistentLevel.StaticMeshActor_UAID_A036BC2D119B77E101_1940220708
 |- Actor Package: /Game/__ExternalActors__/ThirdPerson/Maps/ThirdPersonMap/8/4S/Y5S7VD5HEML2ER5WKDHXSV
 |- Actor Path: /Game/ThirdPerson/Maps/ThirdPersonMap.ThirdPersonMap:PersistentLevel.StaticMeshActor_UAID_A036BC2D119B77E101_1940221709
 |- Actor Package: /Game/__ExternalActors__/ThirdPerson/Maps/ThirdPersonMap/4/39/QJJYYLUNY343VM9JM3H35K
 |- Actor Path: /Game/ThirdPerson/Maps/ThirdPersonMap.ThirdPersonMap:PersistentLevel.StaticMeshActor_UAID_A036BC2D119B77E101_1940222710
 |- Actor Package: /Game/__ExternalActors__/ThirdPerson/Maps/ThirdPersonMap/8/TY/MNQ13ZHKFJB7CSUSNG1ZD3
 |- Actor Path: /Game/ThirdPerson/Maps/ThirdPersonMap.ThirdPersonMap:PersistentLevel.StaticMeshActor_UAID_A036BC2D119B77E101_1940222711
 |- Actor Package: /Game/__ExternalActors__/ThirdPerson/Maps/ThirdPersonMap/2/O8/XXLEQXCEQ0NDI1GIZPW2KQ
 |- Actor Path: /Game/ThirdPerson/Maps/ThirdPersonMap.ThirdPersonMap:PersistentLevel.StaticMeshActor_UAID_A036BC2D119B77E101_1940223712
 |- Actor Package: /Game/__ExternalActors__/ThirdPerson/Maps/ThirdPersonMap/0/QR/CKQELKSY6IEG2QGTSZRKDN
 |- Actor Path: /Game/ThirdPerson/Maps/ThirdPersonMap.ThirdPersonMap:PersistentLevel.StaticMeshActor_UAID_A036BC2D119B77E101_1940224713
 |- Actor Package: /Game/__ExternalActors__/ThirdPerson/Maps/ThirdPersonMap/5/B4/Y7O0NAVKYK3MZ6EMKTIC0P
 |- Actor Path: /Game/ThirdPerson/Maps/ThirdPersonMap.ThirdPersonMap:PersistentLevel.StaticMeshActor_UAID_A036BC2D119BCAE101_1505763313
 |- Actor Package: /Game/__ExternalActors__/ThirdPerson/Maps/ThirdPersonMap/E/Y4/DBT3PX5A7J5YN2E023SL5Y
 |- Actor Path: /Game/ThirdPerson/Maps/ThirdPersonMap.ThirdPersonMap:PersistentLevel.StaticMeshActor_UAID_A036BC2D119BCAE101_1598824316
 |- Actor Package: /Game/__ExternalActors__/ThirdPerson/Maps/ThirdPersonMap/1/PB/GXLVCTLQPSN3MAO8NAGHYL
 |- Actor Path: /Game/ThirdPerson/Maps/ThirdPersonMap.ThirdPersonMap:PersistentLevel.StaticMeshActor_UAID_A4AE111137DC5EFB00_1110535423
 |- Actor Package: /Game/__ExternalActors__/ThirdPerson/Maps/ThirdPersonMap/4/PN/2QISIGK5DJNQ05US8O8FXW
 |- Actor Path: /Game/ThirdPerson/Maps/ThirdPersonMap.ThirdPersonMap:PersistentLevel.ThirdPersonMap_C_13
 |- Actor Package: /Game/ThirdPerson/Maps/ThirdPersonMap
 |- Actor Path: /Game/ThirdPerson/Maps/ThirdPersonMap.ThirdPersonMap:PersistentLevel.VolumetricCloud_0
 |- Actor Package: /Game/__ExternalActors__/ThirdPerson/Maps/ThirdPersonMap/3/EY/87SHEJN5UBEAN2K5OV1G6R
 |- Actor Path: /Game/ThirdPerson/Maps/ThirdPersonMap.ThirdPersonMap:PersistentLevel.WorldDataLayers
 |- Actor Package: /Game/__ExternalActors__/ThirdPerson/Maps/ThirdPersonMap/0/43/HYQWORMY4JDQ5X3OKZXFLC
 |- Actor Path: /Game/ThirdPerson/Maps/ThirdPersonMap.ThirdPersonMap:PersistentLevel.WorldInfo_0
 |- Actor Package: /Game/ThirdPerson/Maps/ThirdPersonMap
 |- Actor Path: /Game/ThirdPerson/Maps/ThirdPersonMap.ThirdPersonMap:PersistentLevel.WorldPartitionMiniMap_0
 |- Actor Package: /Game/__ExternalActors__/ThirdPerson/Maps/ThirdPersonMap/E/FR/LBG6LPN5JCL3FMVSI2CK6R

----------------------------------------------------------------------------------------------------------------
ThirdPersonMap - Runtime Spatial Hash - Streaming Grid - MainGrid
----------------------------------------------------------------------------------------------------------------
            Origin: X=0.000 Y=0.000 Z=0.000
         Cell Size: 12800
      World Bounds: IsValid=false, Min=(X=0.000 Y=0.000 Z=0.000), Max=(X=0.000 Y=0.000 Z=0.000)
     Loading Range: 25600.00
Block Slow Loading: No
 ClientOnlyVisible: No
            Origin: X=0.000 Y=0.000 Z=0.000

[+] Grid Levels: 1
 |- Level  0: Cell Count    0 | Cell Size   12800 | Actor Count    0 (0.0%)

[+] Content of Grid Level 0

